<?xml version="1.0" encoding="UTF-8"?>
<!-- Generated by org.testng.reporters.JUnitXMLReporter -->
<testsuite ignored="0" hostname="DESKTOP-401KMEB" failures="0" tests="2" name="HomepageTest" time="0.263" errors="0" timestamp="2022-06-04T22:14:24 IST">
  <testcase classname="FirstProject.HomePage" name="@BeforeTest initialize" time="0.02">
    <failure type="java.lang.NullPointerException" message="Cannot invoke &amp;quot;String.equals(Object)&amp;quot; because &amp;quot;browserName&amp;quot; is null">
      <![CDATA[java.lang.NullPointerException: Cannot invoke "String.equals(Object)" because "browserName" is null
at resources.base.initializeDriver(base.java:41)
at FirstProject.HomePage.initialize(HomePage.java:25)
at java.base/java.util.concurrent.FutureTask.run(FutureTask.java:264)
at java.base/java.util.concurrent.ThreadPoolExecutor.runWorker(ThreadPoolExecutor.java:1136)
at java.base/java.util.concurrent.ThreadPoolExecutor$Worker.run(ThreadPoolExecutor.java:635)
at java.base/java.lang.Thread.run(Thread.java:833)
... Removed 15 stack frames]]>
    </failure>
  </testcase> <!-- @BeforeTest initialize -->
  <testcase classname="FirstProject.HomePage" name="@AfterTest tearDown" time="-1.654361064219E9">
    <skipped/>
  </testcase> <!-- @AfterTest tearDown -->
  <testcase classname="FirstProject.HomePage" name="basePageNavigation" time="0.0">
    <skipped/>
  </testcase> <!-- basePageNavigation -->
  <testcase classname="FirstProject.HomePage" name="basePageNavigation" time="0.0">
    <skipped/>
  </testcase> <!-- basePageNavigation -->
</testsuite> <!-- HomepageTest -->
